# JRE version: Java(TM) SE Runtime Environment (15.0+36) (build 15+36-1562)
# Java VM: Java HotSpot(TM) 64-Bit Server VM (15+36-1562, mixed mode, sharing, tiered, compressed oops, g1 gc, windows-amd64)
GC Precious Log:
 CPUs: 8 total, 8 available
 Memory: 15805M
 Large Page Support: Disabled
 NUMA Support: Disabled
 Compressed Oops: Enabled (Zero based)
 Heap Region Size: 4M
 Heap Min Capacity: 8M
 Heap Initial Capacity: 248M
 Heap Max Capacity: 8G
 Pre-touch: Disabled
 Parallel Workers: 8
 Concurrent Workers: 2
 Concurrent Refinement Workers: 8
 Periodic GC: Disabled
Heap:
 garbage-first heap   total 401408K, used 166013K [0x0000000600000000, 0x0000000800000000)
  region size 4096K, 4 young (16384K), 4 survivors (16384K)
 Metaspace       used 116925K, capacity 118303K, committed 118532K, reserved 1153024K
  class space    used 15221K, capacity 15658K, committed 15724K, reserved 1048576K
GC Heap History (20 events):
Event: 13.586 GC heap after
{Heap after GC invocations=31 (full 0):
 garbage-first heap   total 217088K, used 93641K [0x0000000600000000, 0x0000000800000000)
  region size 4096K, 2 young (8192K), 2 survivors (8192K)
 Metaspace       used 81920K, capacity 83074K, committed 83332K, reserved 1122304K
  class space    used 10789K, capacity 11125K, committed 11244K, reserved 1048576K
}
Event: 14.911 GC heap before
{Heap before GC invocations=31 (full 0):
 garbage-first heap   total 217088K, used 163273K [0x0000000600000000, 0x0000000800000000)
  region size 4096K, 20 young (81920K), 2 survivors (8192K)
 Metaspace       used 84904K, capacity 86075K, committed 86148K, reserved 1124352K
  class space    used 11091K, capacity 11459K, committed 11500K, reserved 1048576K
}
Event: 14.929 GC heap after
{Heap after GC invocations=32 (full 0):
 garbage-first heap   total 217088K, used 119279K [0x0000000600000000, 0x0000000800000000)
  region size 4096K, 3 young (12288K), 3 survivors (12288K)
 Metaspace       used 84904K, capacity 86075K, committed 86148K, reserved 1124352K
  class space    used 11091K, capacity 11459K, committed 11500K, reserved 1048576K
}
Event: 15.636 GC heap before
{Heap before GC invocations=32 (full 0):
 garbage-first heap   total 217088K, used 156143K [0x0000000600000000, 0x0000000800000000)
  region size 4096K, 13 young (53248K), 3 survivors (12288K)
 Metaspace       used 87178K, capacity 88350K, committed 88580K, reserved 1126400K
  class space    used 11383K, capacity 11748K, committed 11884K, reserved 1048576K
}
Event: 15.650 GC heap after
{Heap after GC invocations=33 (full 0):
 garbage-first heap   total 217088K, used 127109K [0x0000000600000000, 0x0000000800000000)
  region size 4096K, 2 young (8192K), 2 survivors (8192K)
 Metaspace       used 87178K, capacity 88350K, committed 88580K, reserved 1126400K
  class space    used 11383K, capacity 11748K, committed 11884K, reserved 1048576K
}
Event: 16.092 GC heap before
{Heap before GC invocations=34 (full 0):
 garbage-first heap   total 233472K, used 147589K [0x0000000600000000, 0x0000000800000000)
  region size 4096K, 8 young (32768K), 2 survivors (8192K)
 Metaspace       used 87561K, capacity 88727K, committed 88836K, reserved 1126400K
  class space    used 11416K, capacity 11787K, committed 11884K, reserved 1048576K
}
Event: 16.101 GC heap after
{Heap after GC invocations=35 (full 0):
 garbage-first heap   total 233472K, used 133533K [0x0000000600000000, 0x0000000800000000)
  region size 4096K, 2 young (8192K), 2 survivors (8192K)
 Metaspace       used 87561K, capacity 88727K, committed 88836K, reserved 1126400K
  class space    used 11416K, capacity 11787K, committed 11884K, reserved 1048576K
}
Event: 16.467 GC heap before
{Heap before GC invocations=36 (full 0):
 garbage-first heap   total 274432K, used 186781K [0x0000000600000000, 0x0000000800000000)
  region size 4096K, 12 young (49152K), 2 survivors (8192K)
 Metaspace       used 89755K, capacity 91000K, committed 91268K, reserved 1128448K
  class space    used 11602K, capacity 11966K, committed 12012K, reserved 1048576K
}
Event: 16.474 GC heap after
{Heap after GC invocations=37 (full 0):
 garbage-first heap   total 331776K, used 133808K [0x0000000600000000, 0x0000000800000000)
  region size 4096K, 2 young (8192K), 2 survivors (8192K)
 Metaspace       used 89755K, capacity 91000K, committed 91268K, reserved 1128448K
  class space    used 11602K, capacity 11966K, committed 12012K, reserved 1048576K
}
Event: 17.189 GC heap before
{Heap before GC invocations=37 (full 0):
 garbage-first heap   total 331776K, used 240304K [0x0000000600000000, 0x0000000800000000)
  region size 4096K, 29 young (118784K), 2 survivors (8192K)
 Metaspace       used 92543K, capacity 93816K, committed 94084K, reserved 1130496K
  class space    used 11804K, capacity 12158K, committed 12268K, reserved 1048576K
}
Event: 17.191 GC heap after
{Heap after GC invocations=38 (full 0):
 garbage-first heap   total 331776K, used 129399K [0x0000000600000000, 0x0000000800000000)
  region size 4096K, 1 young (4096K), 1 survivors (4096K)
 Metaspace       used 92543K, capacity 93816K, committed 94084K, reserved 1130496K
  class space    used 11804K, capacity 12158K, committed 12268K, reserved 1048576K
}
Event: 20.449 GC heap before
{Heap before GC invocations=38 (full 0):
 garbage-first heap   total 331776K, used 256375K [0x0000000600000000, 0x0000000800000000)
  region size 4096K, 33 young (135168K), 1 survivors (4096K)
 Metaspace       used 96173K, capacity 97474K, committed 97540K, reserved 1134592K
  class space    used 12184K, capacity 12609K, committed 12652K, reserved 1048576K
}
Event: 20.456 GC heap after
{Heap after GC invocations=39 (full 0):
 garbage-first heap   total 331776K, used 134538K [0x0000000600000000, 0x0000000800000000)
  region size 4096K, 2 young (8192K), 2 survivors (8192K)
 Metaspace       used 96173K, capacity 97474K, committed 97540K, reserved 1134592K
  class space    used 12184K, capacity 12609K, committed 12652K, reserved 1048576K
}
Event: 22.388 GC heap before
{Heap before GC invocations=39 (full 0):
 garbage-first heap   total 331776K, used 257418K [0x0000000600000000, 0x0000000800000000)
  region size 4096K, 33 young (135168K), 2 survivors (8192K)
 Metaspace       used 103814K, capacity 105083K, committed 105220K, reserved 1140736K
  class space    used 13205K, capacity 13622K, committed 13676K, reserved 1048576K
}
Event: 22.403 GC heap after
{Heap after GC invocations=40 (full 0):
 garbage-first heap   total 331776K, used 142209K [0x0000000600000000, 0x0000000800000000)
  region size 4096K, 4 young (16384K), 4 survivors (16384K)
 Metaspace       used 103814K, capacity 105083K, committed 105220K, reserved 1140736K
  class space    used 13205K, capacity 13622K, committed 13676K, reserved 1048576K
}
Event: 23.396 GC heap before
{Heap before GC invocations=40 (full 0):
 garbage-first heap   total 331776K, used 260993K [0x0000000600000000, 0x0000000800000000)
  region size 4096K, 33 young (135168K), 4 survivors (16384K)
 Metaspace       used 115817K, capacity 117187K, committed 117508K, reserved 1150976K
  class space    used 15125K, capacity 15587K, committed 15724K, reserved 1048576K
}
Event: 23.412 GC heap after
{Heap after GC invocations=41 (full 0):
 garbage-first heap   total 331776K, used 147195K [0x0000000600000000, 0x0000000800000000)
  region size 4096K, 4 young (16384K), 4 survivors (16384K)
 Metaspace       used 115817K, capacity 117187K, committed 117508K, reserved 1150976K
  class space    used 15125K, capacity 15587K, committed 15724K, reserved 1048576K
}
Event: 23.976 GC heap before
{Heap before GC invocations=41 (full 0):
 garbage-first heap   total 331776K, used 257787K [0x0000000600000000, 0x0000000800000000)
  region size 4096K, 32 young (131072K), 4 survivors (16384K)
 Metaspace       used 116524K, capacity 117906K, committed 118020K, reserved 1150976K
  class space    used 15195K, capacity 15656K, committed 15724K, reserved 1048576K
}
Event: 23.988 GC heap after
{Heap after GC invocations=42 (full 0):
 garbage-first heap   total 331776K, used 152363K [0x0000000600000000, 0x0000000800000000)
  region size 4096K, 3 young (12288K), 3 survivors (12288K)
 Metaspace       used 116524K, capacity 117906K, committed 118020K, reserved 1150976K
  class space    used 15195K, capacity 15656K, committed 15724K, reserved 1048576K
}
Event: 24.305 GC heap before
{Heap before GC invocations=42 (full 0):
 garbage-first heap   total 331776K, used 262955K [0x0000000600000000, 0x0000000800000000)
  region size 4096K, 31 young (126976K), 3 survivors (12288K)
 Metaspace       used 116925K, capacity 118303K, committed 118532K, reserved 1153024K
  class space    used 15221K, capacity 15658K, committed 15724K, reserved 1048576K
}

