# JRE version: Java(TM) SE Runtime Environment (15.0+36) (build 15+36-1562)
# Java VM: Java HotSpot(TM) 64-Bit Server VM (15+36-1562, mixed mode, sharing, tiered, compressed oops, g1 gc, windows-amd64)
GC Precious Log:
 CPUs: 8 total, 8 available
 Memory: 15805M
 Large Page Support: Disabled
 NUMA Support: Disabled
 Compressed Oops: Enabled (Zero based)
 Heap Region Size: 4M
 Heap Min Capacity: 8M
 Heap Initial Capacity: 248M
 Heap Max Capacity: 8G
 Pre-touch: Disabled
 Parallel Workers: 8
 Concurrent Workers: 2
 Concurrent Refinement Workers: 8
 Periodic GC: Disabled
Heap:
 garbage-first heap   total 507904K, used 297414K [0x0000000600000000, 0x0000000800000000)
  region size 4096K, 5 young (20480K), 3 survivors (12288K)
 Metaspace       used 132333K, capacity 134904K, committed 135068K, reserved 1167360K
  class space    used 16256K, capacity 17028K, committed 17152K, reserved 1048576K
GC Heap History (20 events):
Event: 99.647 GC heap before
{Heap before GC invocations=30 (full 0):
 garbage-first heap   total 389120K, used 308636K [0x0000000600000000, 0x0000000800000000)
  region size 4096K, 27 young (110592K), 4 survivors (16384K)
 Metaspace       used 119417K, capacity 121537K, committed 121756K, reserved 1155072K
  class space    used 14932K, capacity 15550K, committed 15616K, reserved 1048576K
}
Event: 99.687 GC heap after
{Heap after GC invocations=31 (full 0):
 garbage-first heap   total 389120K, used 225887K [0x0000000600000000, 0x0000000800000000)
  region size 4096K, 4 young (16384K), 4 survivors (16384K)
 Metaspace       used 119417K, capacity 121537K, committed 121756K, reserved 1155072K
  class space    used 14932K, capacity 15550K, committed 15616K, reserved 1048576K
}
Event: 103.789 GC heap before
{Heap before GC invocations=32 (full 0):
 garbage-first heap   total 405504K, used 311903K [0x0000000600000000, 0x0000000800000000)
  region size 4096K, 25 young (102400K), 4 survivors (16384K)
 Metaspace       used 119769K, capacity 121859K, committed 122012K, reserved 1155072K
  class space    used 14943K, capacity 15568K, committed 15616K, reserved 1048576K
}
Event: 103.820 GC heap after
{Heap after GC invocations=33 (full 0):
 garbage-first heap   total 405504K, used 231740K [0x0000000600000000, 0x0000000800000000)
  region size 4096K, 4 young (16384K), 4 survivors (16384K)
 Metaspace       used 119769K, capacity 121859K, committed 122012K, reserved 1155072K
  class space    used 14943K, capacity 15568K, committed 15616K, reserved 1048576K
}
Event: 2744.381 GC heap before
{Heap before GC invocations=33 (full 0):
 garbage-first heap   total 405504K, used 330044K [0x0000000600000000, 0x0000000800000000)
  region size 4096K, 28 young (114688K), 4 survivors (16384K)
 Metaspace       used 120723K, capacity 123067K, committed 123292K, reserved 1157120K
  class space    used 15029K, capacity 15751K, committed 15872K, reserved 1048576K
}
Event: 2744.390 GC heap after
{Heap after GC invocations=34 (full 0):
 garbage-first heap   total 405504K, used 231494K [0x0000000600000000, 0x0000000800000000)
  region size 4096K, 2 young (8192K), 2 survivors (8192K)
 Metaspace       used 120723K, capacity 123067K, committed 123292K, reserved 1157120K
  class space    used 15029K, capacity 15751K, committed 15872K, reserved 1048576K
}
Event: 5119.634 GC heap before
{Heap before GC invocations=35 (full 0):
 garbage-first heap   total 405504K, used 329798K [0x0000000600000000, 0x0000000800000000)
  region size 4096K, 27 young (110592K), 2 survivors (8192K)
 Metaspace       used 121274K, capacity 123760K, committed 123804K, reserved 1157120K
  class space    used 15075K, capacity 15862K, committed 15872K, reserved 1048576K
}
Event: 5119.644 GC heap after
{Heap after GC invocations=36 (full 0):
 garbage-first heap   total 405504K, used 236999K [0x0000000600000000, 0x0000000800000000)
  region size 4096K, 4 young (16384K), 4 survivors (16384K)
 Metaspace       used 121274K, capacity 123760K, committed 123804K, reserved 1157120K
  class space    used 15075K, capacity 15862K, committed 15872K, reserved 1048576K
}
Event: 6254.369 GC heap before
{Heap before GC invocations=36 (full 0):
 garbage-first heap   total 405504K, used 335303K [0x0000000600000000, 0x0000000800000000)
  region size 4096K, 28 young (114688K), 4 survivors (16384K)
 Metaspace       used 121529K, capacity 124152K, committed 124444K, reserved 1157120K
  class space    used 15083K, capacity 15877K, committed 16000K, reserved 1048576K
}
Event: 6254.383 GC heap after
{Heap after GC invocations=37 (full 0):
 garbage-first heap   total 405504K, used 241121K [0x0000000600000000, 0x0000000800000000)
  region size 4096K, 3 young (12288K), 3 survivors (12288K)
 Metaspace       used 121529K, capacity 124152K, committed 124444K, reserved 1157120K
  class space    used 15083K, capacity 15877K, committed 16000K, reserved 1048576K
}
Event: 7314.956 GC heap before
{Heap before GC invocations=38 (full 0):
 garbage-first heap   total 417792K, used 339425K [0x0000000600000000, 0x0000000800000000)
  region size 4096K, 27 young (110592K), 3 survivors (12288K)
 Metaspace       used 123170K, capacity 125637K, committed 125852K, reserved 1159168K
  class space    used 15264K, capacity 16024K, committed 16128K, reserved 1048576K
}
Event: 7314.978 GC heap after
{Heap after GC invocations=39 (full 0):
 garbage-first heap   total 417792K, used 250257K [0x0000000600000000, 0x0000000800000000)
  region size 4096K, 4 young (16384K), 4 survivors (16384K)
 Metaspace       used 123170K, capacity 125637K, committed 125852K, reserved 1159168K
  class space    used 15264K, capacity 16024K, committed 16128K, reserved 1048576K
}
Event: 7316.097 GC heap before
{Heap before GC invocations=39 (full 0):
 garbage-first heap   total 417792K, used 336273K [0x0000000600000000, 0x0000000800000000)
  region size 4096K, 26 young (106496K), 4 survivors (16384K)
 Metaspace       used 125547K, capacity 128068K, committed 128156K, reserved 1161216K
  class space    used 15600K, capacity 16356K, committed 16384K, reserved 1048576K
}
Event: 7316.122 GC heap after
{Heap after GC invocations=40 (full 0):
 garbage-first heap   total 417792K, used 266101K [0x0000000600000000, 0x0000000800000000)
  region size 4096K, 4 young (16384K), 4 survivors (16384K)
 Metaspace       used 125547K, capacity 128068K, committed 128156K, reserved 1161216K
  class space    used 15600K, capacity 16356K, committed 16384K, reserved 1048576K
}
Event: 7317.590 GC heap before
{Heap before GC invocations=41 (full 0):
 garbage-first heap   total 471040K, used 335733K [0x0000000600000000, 0x0000000800000000)
  region size 4096K, 22 young (90112K), 4 survivors (16384K)
 Metaspace       used 126795K, capacity 129202K, committed 129564K, reserved 1163264K
  class space    used 15686K, capacity 16411K, committed 16512K, reserved 1048576K
}
Event: 7317.626 GC heap after
{Heap after GC invocations=42 (full 0):
 garbage-first heap   total 471040K, used 298272K [0x0000000600000000, 0x0000000800000000)
  region size 4096K, 3 young (12288K), 3 survivors (12288K)
 Metaspace       used 126795K, capacity 129202K, committed 129564K, reserved 1163264K
  class space    used 15686K, capacity 16411K, committed 16512K, reserved 1048576K
}
Event: 7317.734 GC heap before
{Heap before GC invocations=42 (full 0):
 garbage-first heap   total 471040K, used 306464K [0x0000000600000000, 0x0000000800000000)
  region size 4096K, 5 young (20480K), 3 survivors (12288K)
 Metaspace       used 127012K, capacity 129497K, committed 129564K, reserved 1163264K
  class space    used 15712K, capacity 16486K, committed 16512K, reserved 1048576K
}
Event: 7317.767 GC heap after
{Heap after GC invocations=43 (full 0):
 garbage-first heap   total 471040K, used 282529K [0x0000000600000000, 0x0000000800000000)
  region size 4096K, 1 young (4096K), 1 survivors (4096K)
 Metaspace       used 127012K, capacity 129497K, committed 129564K, reserved 1163264K
  class space    used 15712K, capacity 16486K, committed 16512K, reserved 1048576K
}
Event: 7318.709 GC heap before
{Heap before GC invocations=43 (full 0):
 garbage-first heap   total 471040K, used 360353K [0x0000000600000000, 0x0000000800000000)
  region size 4096K, 21 young (86016K), 1 survivors (4096K)
 Metaspace       used 131376K, capacity 133848K, committed 134172K, reserved 1167360K
  class space    used 16176K, capacity 16932K, committed 17024K, reserved 1048576K
}
Event: 7318.721 GC heap after
{Heap after GC invocations=44 (full 0):
 garbage-first heap   total 471040K, used 293318K [0x0000000600000000, 0x0000000800000000)
  region size 4096K, 3 young (12288K), 3 survivors (12288K)
 Metaspace       used 131376K, capacity 133848K, committed 134172K, reserved 1167360K
  class space    used 16176K, capacity 16932K, committed 17024K, reserved 1048576K
}

