# JRE version: Java(TM) SE Runtime Environment (15.0+36) (build 15+36-1562)
# Java VM: Java HotSpot(TM) 64-Bit Server VM (15+36-1562, mixed mode, sharing, tiered, compressed oops, g1 gc, windows-amd64)
GC Precious Log:
 CPUs: 8 total, 8 available
 Memory: 15805M
 Large Page Support: Disabled
 NUMA Support: Disabled
 Compressed Oops: Enabled (Zero based)
 Heap Region Size: 4M
 Heap Min Capacity: 8M
 Heap Initial Capacity: 248M
 Heap Max Capacity: 8G
 Pre-touch: Disabled
 Parallel Workers: 8
 Concurrent Workers: 2
 Concurrent Refinement Workers: 8
 Periodic GC: Disabled
Heap:
 garbage-first heap   total 233472K, used 124546K [0x0000000600000000, 0x0000000800000000)
  region size 4096K, 3 young (12288K), 1 survivors (4096K)
 Metaspace       used 119271K, capacity 121063K, committed 121116K, reserved 1155072K
  class space    used 15383K, capacity 15931K, committed 15980K, reserved 1048576K
GC Heap History (20 events):
Event: 149.151 GC heap before
{Heap before GC invocations=46 (full 0):
 garbage-first heap   total 233472K, used 174112K [0x0000000600000000, 0x0000000800000000)
  region size 4096K, 16 young (65536K), 3 survivors (12288K)
 Metaspace       used 98726K, capacity 100069K, committed 100252K, reserved 1136640K
  class space    used 12514K, capacity 12924K, committed 13036K, reserved 1048576K
}
Event: 149.157 GC heap after
{Heap after GC invocations=47 (full 0):
 garbage-first heap   total 233472K, used 122235K [0x0000000600000000, 0x0000000800000000)
  region size 4096K, 1 young (4096K), 1 survivors (4096K)
 Metaspace       used 98726K, capacity 100069K, committed 100252K, reserved 1136640K
  class space    used 12514K, capacity 12924K, committed 13036K, reserved 1048576K
}
Event: 159.442 GC heap before
{Heap before GC invocations=47 (full 0):
 garbage-first heap   total 233472K, used 183675K [0x0000000600000000, 0x0000000800000000)
  region size 4096K, 17 young (69632K), 1 survivors (4096K)
 Metaspace       used 112057K, capacity 113558K, committed 113692K, reserved 1148928K
  class space    used 14459K, capacity 14919K, committed 14956K, reserved 1048576K
}
Event: 159.450 GC heap after
{Heap after GC invocations=48 (full 0):
 garbage-first heap   total 233472K, used 124643K [0x0000000600000000, 0x0000000800000000)
  region size 4096K, 2 young (8192K), 2 survivors (8192K)
 Metaspace       used 112057K, capacity 113558K, committed 113692K, reserved 1148928K
  class space    used 14459K, capacity 14919K, committed 14956K, reserved 1048576K
}
Event: 365.138 GC heap before
{Heap before GC invocations=49 (full 0):
 garbage-first heap   total 233472K, used 181987K [0x0000000600000000, 0x0000000800000000)
  region size 4096K, 17 young (69632K), 2 survivors (8192K)
 Metaspace       used 116360K, capacity 117889K, committed 118044K, reserved 1150976K
  class space    used 15185K, capacity 15674K, committed 15724K, reserved 1048576K
}
Event: 365.145 GC heap after
{Heap after GC invocations=50 (full 0):
 garbage-first heap   total 233472K, used 126783K [0x0000000600000000, 0x0000000800000000)
  region size 4096K, 3 young (12288K), 3 survivors (12288K)
 Metaspace       used 116360K, capacity 117889K, committed 118044K, reserved 1150976K
  class space    used 15185K, capacity 15674K, committed 15724K, reserved 1048576K
}
Event: 365.178 GC heap before
{Heap before GC invocations=50 (full 0):
 garbage-first heap   total 233472K, used 130879K [0x0000000600000000, 0x0000000800000000)
  region size 4096K, 4 young (16384K), 3 survivors (12288K)
 Metaspace       used 116364K, capacity 117889K, committed 118044K, reserved 1150976K
  class space    used 15185K, capacity 15674K, committed 15724K, reserved 1048576K
}
Event: 365.224 GC heap after
{Heap after GC invocations=51 (full 0):
 garbage-first heap   total 233472K, used 121195K [0x0000000600000000, 0x0000000800000000)
  region size 4096K, 1 young (4096K), 1 survivors (4096K)
 Metaspace       used 116364K, capacity 117889K, committed 118044K, reserved 1150976K
  class space    used 15185K, capacity 15674K, committed 15724K, reserved 1048576K
}
Event: 366.352 GC heap before
{Heap before GC invocations=51 (full 0):
 garbage-first heap   total 233472K, used 182635K [0x0000000600000000, 0x0000000800000000)
  region size 4096K, 17 young (69632K), 1 survivors (4096K)
 Metaspace       used 116831K, capacity 118415K, committed 118556K, reserved 1153024K
  class space    used 15206K, capacity 15712K, committed 15724K, reserved 1048576K
}
Event: 366.362 GC heap after
{Heap after GC invocations=52 (full 0):
 garbage-first heap   total 233472K, used 127141K [0x0000000600000000, 0x0000000800000000)
  region size 4096K, 2 young (8192K), 2 survivors (8192K)
 Metaspace       used 116831K, capacity 118415K, committed 118556K, reserved 1153024K
  class space    used 15206K, capacity 15712K, committed 15724K, reserved 1048576K
}
Event: 369.488 GC heap before
{Heap before GC invocations=53 (full 0):
 garbage-first heap   total 233472K, used 184485K [0x0000000600000000, 0x0000000800000000)
  region size 4096K, 17 young (69632K), 2 survivors (8192K)
 Metaspace       used 118152K, capacity 119756K, committed 119964K, reserved 1153024K
  class space    used 15333K, capacity 15840K, committed 15852K, reserved 1048576K
}
Event: 369.500 GC heap after
{Heap after GC invocations=54 (full 0):
 garbage-first heap   total 233472K, used 131431K [0x0000000600000000, 0x0000000800000000)
  region size 4096K, 2 young (8192K), 2 survivors (8192K)
 Metaspace       used 118152K, capacity 119756K, committed 119964K, reserved 1153024K
  class space    used 15333K, capacity 15840K, committed 15852K, reserved 1048576K
}
Event: 489.389 GC heap before
{Heap before GC invocations=54 (full 0):
 garbage-first heap   total 233472K, used 135527K [0x0000000600000000, 0x0000000800000000)
  region size 4096K, 3 young (12288K), 2 survivors (8192K)
 Metaspace       used 118186K, capacity 119775K, committed 119964K, reserved 1153024K
  class space    used 15336K, capacity 15846K, committed 15852K, reserved 1048576K
}
Event: 489.455 GC heap after
{Heap after GC invocations=55 (full 0):
 garbage-first heap   total 233472K, used 119138K [0x0000000600000000, 0x0000000800000000)
  region size 4096K, 1 young (4096K), 1 survivors (4096K)
 Metaspace       used 118186K, capacity 119775K, committed 119964K, reserved 1153024K
  class space    used 15336K, capacity 15846K, committed 15852K, reserved 1048576K
}
Event: 526.979 GC heap before
{Heap before GC invocations=55 (full 0):
 garbage-first heap   total 233472K, used 184674K [0x0000000600000000, 0x0000000800000000)
  region size 4096K, 18 young (73728K), 1 survivors (4096K)
 Metaspace       used 118615K, capacity 120320K, committed 120604K, reserved 1155072K
  class space    used 15366K, capacity 15902K, committed 15980K, reserved 1048576K
}
Event: 526.994 GC heap after
{Heap after GC invocations=56 (full 0):
 garbage-first heap   total 233472K, used 126041K [0x0000000600000000, 0x0000000800000000)
  region size 4096K, 2 young (8192K), 2 survivors (8192K)
 Metaspace       used 118615K, capacity 120320K, committed 120604K, reserved 1155072K
  class space    used 15366K, capacity 15902K, committed 15980K, reserved 1048576K
}
Event: 1118.521 GC heap before
{Heap before GC invocations=57 (full 0):
 garbage-first heap   total 233472K, used 187481K [0x0000000600000000, 0x0000000800000000)
  region size 4096K, 18 young (73728K), 2 survivors (8192K)
 Metaspace       used 119132K, capacity 120866K, committed 121116K, reserved 1155072K
  class space    used 15382K, capacity 15931K, committed 15980K, reserved 1048576K
}
Event: 1118.549 GC heap after
{Heap after GC invocations=58 (full 0):
 garbage-first heap   total 233472K, used 121018K [0x0000000600000000, 0x0000000800000000)
  region size 4096K, 1 young (4096K), 1 survivors (4096K)
 Metaspace       used 119132K, capacity 120866K, committed 121116K, reserved 1155072K
  class space    used 15382K, capacity 15931K, committed 15980K, reserved 1048576K
}
Event: 4615.800 GC heap before
{Heap before GC invocations=58 (full 0):
 garbage-first heap   total 233472K, used 186554K [0x0000000600000000, 0x0000000800000000)
  region size 4096K, 17 young (69632K), 1 survivors (4096K)
 Metaspace       used 119261K, capacity 121063K, committed 121116K, reserved 1155072K
  class space    used 15382K, capacity 15931K, committed 15980K, reserved 1048576K
}
Event: 4615.822 GC heap after
{Heap after GC invocations=59 (full 0):
 garbage-first heap   total 233472K, used 120450K [0x0000000600000000, 0x0000000800000000)
  region size 4096K, 1 young (4096K), 1 survivors (4096K)
 Metaspace       used 119261K, capacity 121063K, committed 121116K, reserved 1155072K
  class space    used 15382K, capacity 15931K, committed 15980K, reserved 1048576K
}

