# JRE version: Java(TM) SE Runtime Environment (15.0+36) (build 15+36-1562)
# Java VM: Java HotSpot(TM) 64-Bit Server VM (15+36-1562, mixed mode, sharing, tiered, compressed oops, g1 gc, windows-amd64)
GC Precious Log:
 CPUs: 8 total, 8 available
 Memory: 15805M
 Large Page Support: Disabled
 NUMA Support: Disabled
 Compressed Oops: Enabled (Zero based)
 Heap Region Size: 8M
 Heap Min Capacity: 8M
 Heap Initial Capacity: 248M
 Heap Max Capacity: 12G
 Pre-touch: Disabled
 Parallel Workers: 8
 Concurrent Workers: 2
 Concurrent Refinement Workers: 8
 Periodic GC: Disabled
Heap:
 garbage-first heap   total 483328K, used 319061K [0x0000000500000000, 0x0000000800000000)
  region size 8192K, 15 young (122880K), 2 survivors (16384K)
 Metaspace       used 118586K, capacity 120371K, committed 120604K, reserved 1155072K
  class space    used 14898K, capacity 15436K, committed 15468K, reserved 1048576K
GC Heap History (20 events):
Event: 9.229 GC heap before
{Heap before GC invocations=13 (full 0):
 garbage-first heap   total 294912K, used 215018K [0x0000000500000000, 0x0000000800000000)
  region size 8192K, 12 young (98304K), 2 survivors (16384K)
 Metaspace       used 67618K, capacity 68872K, committed 69148K, reserved 1110016K
  class space    used 8815K, capacity 9234K, committed 9324K, reserved 1048576K
}
Event: 9.237 GC heap after
{Heap after GC invocations=14 (full 0):
 garbage-first heap   total 294912K, used 138733K [0x0000000500000000, 0x0000000800000000)
  region size 8192K, 2 young (16384K), 2 survivors (16384K)
 Metaspace       used 67618K, capacity 68872K, committed 69148K, reserved 1110016K
  class space    used 8815K, capacity 9234K, committed 9324K, reserved 1048576K
}
Event: 10.082 GC heap before
{Heap before GC invocations=14 (full 0):
 garbage-first heap   total 294912K, used 212461K [0x0000000500000000, 0x0000000800000000)
  region size 8192K, 11 young (90112K), 2 survivors (16384K)
 Metaspace       used 73953K, capacity 75207K, committed 75292K, reserved 1114112K
  class space    used 9839K, capacity 10270K, committed 10348K, reserved 1048576K
}
Event: 10.091 GC heap after
{Heap after GC invocations=15 (full 0):
 garbage-first heap   total 294912K, used 144124K [0x0000000500000000, 0x0000000800000000)
  region size 8192K, 2 young (16384K), 2 survivors (16384K)
 Metaspace       used 73953K, capacity 75207K, committed 75292K, reserved 1114112K
  class space    used 9839K, capacity 10270K, committed 10348K, reserved 1048576K
}
Event: 10.619 GC heap before
{Heap before GC invocations=16 (full 0):
 garbage-first heap   total 294912K, used 185084K [0x0000000500000000, 0x0000000800000000)
  region size 8192K, 8 young (65536K), 2 survivors (16384K)
 Metaspace       used 78039K, capacity 79418K, committed 79644K, reserved 1118208K
  class space    used 10265K, capacity 10725K, committed 10860K, reserved 1048576K
}
Event: 10.629 GC heap after
{Heap after GC invocations=17 (full 0):
 garbage-first heap   total 294912K, used 160016K [0x0000000500000000, 0x0000000800000000)
  region size 8192K, 2 young (16384K), 2 survivors (16384K)
 Metaspace       used 78039K, capacity 79418K, committed 79644K, reserved 1118208K
  class space    used 10265K, capacity 10725K, committed 10860K, reserved 1048576K
}
Event: 11.313 GC heap before
{Heap before GC invocations=18 (full 0):
 garbage-first heap   total 344064K, used 233744K [0x0000000500000000, 0x0000000800000000)
  region size 8192K, 8 young (65536K), 2 survivors (16384K)
 Metaspace       used 81589K, capacity 83056K, committed 83100K, reserved 1122304K
  class space    used 10753K, capacity 11219K, committed 11244K, reserved 1048576K
}
Event: 11.323 GC heap after
{Heap after GC invocations=19 (full 0):
 garbage-first heap   total 344064K, used 193475K [0x0000000500000000, 0x0000000800000000)
  region size 8192K, 1 young (8192K), 1 survivors (8192K)
 Metaspace       used 81589K, capacity 83056K, committed 83100K, reserved 1122304K
  class space    used 10753K, capacity 11219K, committed 11244K, reserved 1048576K
}
Event: 12.151 GC heap before
{Heap before GC invocations=19 (full 0):
 garbage-first heap   total 344064K, used 250819K [0x0000000500000000, 0x0000000800000000)
  region size 8192K, 8 young (65536K), 1 survivors (8192K)
 Metaspace       used 90062K, capacity 91593K, committed 91932K, reserved 1128448K
  class space    used 11773K, capacity 12272K, committed 12396K, reserved 1048576K
}
Event: 12.157 GC heap after
{Heap after GC invocations=20 (full 0):
 garbage-first heap   total 344064K, used 197005K [0x0000000500000000, 0x0000000800000000)
  region size 8192K, 1 young (8192K), 1 survivors (8192K)
 Metaspace       used 90062K, capacity 91593K, committed 91932K, reserved 1128448K
  class space    used 11773K, capacity 12272K, committed 12396K, reserved 1048576K
}
Event: 13.020 GC heap before
{Heap before GC invocations=21 (full 0):
 garbage-first heap   total 368640K, used 254349K [0x0000000500000000, 0x0000000800000000)
  region size 8192K, 8 young (65536K), 1 survivors (8192K)
 Metaspace       used 97425K, capacity 98975K, committed 99228K, reserved 1134592K
  class space    used 12685K, capacity 13156K, committed 13292K, reserved 1048576K
}
Event: 13.028 GC heap after
{Heap after GC invocations=22 (full 0):
 garbage-first heap   total 368640K, used 201898K [0x0000000500000000, 0x0000000800000000)
  region size 8192K, 1 young (8192K), 1 survivors (8192K)
 Metaspace       used 97425K, capacity 98975K, committed 99228K, reserved 1134592K
  class space    used 12685K, capacity 13156K, committed 13292K, reserved 1048576K
}
Event: 14.950 GC heap before
{Heap before GC invocations=22 (full 0):
 garbage-first heap   total 368640K, used 275626K [0x0000000500000000, 0x0000000800000000)
  region size 8192K, 10 young (81920K), 1 survivors (8192K)
 Metaspace       used 102916K, capacity 104563K, committed 104732K, reserved 1140736K
  class space    used 13281K, capacity 13794K, committed 13932K, reserved 1048576K
}
Event: 14.960 GC heap after
{Heap after GC invocations=23 (full 0):
 garbage-first heap   total 368640K, used 207659K [0x0000000500000000, 0x0000000800000000)
  region size 8192K, 2 young (16384K), 2 survivors (16384K)
 Metaspace       used 102916K, capacity 104563K, committed 104732K, reserved 1140736K
  class space    used 13281K, capacity 13794K, committed 13932K, reserved 1048576K
}
Event: 16.874 GC heap before
{Heap before GC invocations=24 (full 0):
 garbage-first heap   total 401408K, used 273195K [0x0000000500000000, 0x0000000800000000)
  region size 8192K, 11 young (90112K), 2 survivors (16384K)
 Metaspace       used 104160K, capacity 105707K, committed 105756K, reserved 1140736K
  class space    used 13390K, capacity 13894K, committed 13932K, reserved 1048576K
}
Event: 16.887 GC heap after
{Heap after GC invocations=25 (full 0):
 garbage-first heap   total 483328K, used 210767K [0x0000000500000000, 0x0000000800000000)
  region size 8192K, 2 young (16384K), 2 survivors (16384K)
 Metaspace       used 104160K, capacity 105707K, committed 105756K, reserved 1140736K
  class space    used 13390K, capacity 13894K, committed 13932K, reserved 1048576K
}
Event: 25.921 GC heap before
{Heap before GC invocations=25 (full 0):
 garbage-first heap   total 483328K, used 366415K [0x0000000500000000, 0x0000000800000000)
  region size 8192K, 21 young (172032K), 2 survivors (16384K)
 Metaspace       used 112790K, capacity 114420K, committed 114716K, reserved 1148928K
  class space    used 14362K, capacity 14871K, committed 14956K, reserved 1048576K
}
Event: 25.933 GC heap after
{Heap after GC invocations=26 (full 0):
 garbage-first heap   total 483328K, used 218392K [0x0000000500000000, 0x0000000800000000)
  region size 8192K, 3 young (24576K), 3 survivors (24576K)
 Metaspace       used 112790K, capacity 114420K, committed 114716K, reserved 1148928K
  class space    used 14362K, capacity 14871K, committed 14956K, reserved 1048576K
}
Event: 5842.312 GC heap before
{Heap before GC invocations=26 (full 0):
 garbage-first heap   total 483328K, used 365848K [0x0000000500000000, 0x0000000800000000)
  region size 8192K, 21 young (172032K), 3 survivors (24576K)
 Metaspace       used 118284K, capacity 120022K, committed 120092K, reserved 1155072K
  class space    used 14864K, capacity 15402K, committed 15468K, reserved 1048576K
}
Event: 5842.362 GC heap after
{Heap after GC invocations=27 (full 0):
 garbage-first heap   total 483328K, used 220757K [0x0000000500000000, 0x0000000800000000)
  region size 8192K, 2 young (16384K), 2 survivors (16384K)
 Metaspace       used 118284K, capacity 120022K, committed 120092K, reserved 1155072K
  class space    used 14864K, capacity 15402K, committed 15468K, reserved 1048576K
}

